\BOOKMARK [1][-]{section*.2}{Abstract}{}% 1
\BOOKMARK [1][-]{section.1}{1 Introduction}{}% 2
\BOOKMARK [1][-]{section.2}{2 Background and Motivation}{}% 3
\BOOKMARK [2][-]{subsection.2.1}{2.1 Learning Complexity}{section.2}% 4
\BOOKMARK [2][-]{subsection.2.2}{2.2 Controlling Dynamics}{section.2}% 5
\BOOKMARK [2][-]{subsection.2.3}{2.3 Challenges Combining Learning and Control}{section.2}% 6
\BOOKMARK [1][-]{section.3}{3 CALOREE: Learning Control}{}% 7
\BOOKMARK [2][-]{subsection.3.1}{3.1 Traditional Control for Computing}{section.3}% 8
\BOOKMARK [2][-]{subsection.3.2}{3.2 CALOREE Control System}{section.3}% 9
\BOOKMARK [2][-]{subsection.3.3}{3.3 Exploiting Problem Structure for Fast Solutions}{section.3}% 10
\BOOKMARK [2][-]{subsection.3.4}{3.4 CALOREE Learning Algorithms}{section.3}% 11
\BOOKMARK [2][-]{subsection.3.5}{3.5 Formal Analysis}{section.3}% 12
\BOOKMARK [1][-]{section.4}{4 Experimental Setup}{}% 13
\BOOKMARK [2][-]{subsection.4.1}{4.1 Platform and Benchmarks}{section.4}% 14
\BOOKMARK [2][-]{subsection.4.2}{4.2 Evaluation Metrics}{section.4}% 15
\BOOKMARK [2][-]{subsection.4.3}{4.3 Points of Comparison}{section.4}% 16
\BOOKMARK [1][-]{section.5}{5 Experimental Evaluation}{}% 17
\BOOKMARK [2][-]{subsection.5.1}{5.1 Performance and Energy for Single App}{section.5}% 18
\BOOKMARK [2][-]{subsection.5.2}{5.2 Performance and Energy for Multiple Apps}{section.5}% 19
\BOOKMARK [2][-]{subsection.5.3}{5.3 Adapting to Workload Changes}{section.5}% 20
\BOOKMARK [2][-]{subsection.5.4}{5.4 The Pole's Importance}{section.5}% 21
\BOOKMARK [2][-]{subsection.5.5}{5.5 Sensitivity to the Measured Samples}{section.5}% 22
\BOOKMARK [2][-]{subsection.5.6}{5.6 Overhead}{section.5}% 23
\BOOKMARK [1][-]{section.6}{6 Related Work}{}% 24
\BOOKMARK [1][-]{section.7}{7 Conclusion}{}% 25
\BOOKMARK [1][-]{appendix.A}{A Probabilistic Convergence Guarantees}{}% 26
